[2026-06-23 07:05:02] Pipeline run started 
┌────────────────────────┬──────────┐
│       table_name       │ RowCount │
│        varchar         │  int64   │
├────────────────────────┼──────────┤
│ Raw_CommodityReference │        0 │
│ Raw_ContractPricing    │        0 │
│ Raw_CustomerReference  │        0 │
│ Raw_LoadFreight        │        0 │
│ Raw_ProductMaster      │        0 │
│ Raw_SalesOrderLine     │        0 │
│ Raw_ShipToReference    │        0 │
└────────────────────────┴──────────┘
[2026-06-23 07:05:03] PASS: Phase 1: Raw table creation 
[2026-06-23 07:05:03] Pipeline run COMPLETE 
[2026-06-23 07:05:27] Pipeline run started 
┌────────────────────────┬──────────┐
│       TableName        │ RowCount │
│        varchar         │  int64   │
├────────────────────────┼──────────┤
│ Raw_CommodityReference │        8 │
│ Raw_ContractPricing    │       55 │
│ Raw_CustomerReference  │       11 │
│ Raw_LoadFreight        │      121 │
│ Raw_ProductMaster      │       24 │
│ Raw_SalesOrderLine     │      366 │
│ Raw_ShipToReference    │       12 │
└────────────────────────┴──────────┘
[2026-06-23 07:05:28] PASS: Phase 2: Data load 
[2026-06-23 07:05:28] Pipeline run COMPLETE 
[2026-06-23 07:06:32] Pipeline run started 
[2026-06-23 07:06:32] PASS: Phase 3: stg_customer_reference 
[2026-06-23 07:06:33] PASS: Phase 3: stg_product_master 
[2026-06-23 07:06:33] PASS: Phase 3: stg_contract_pricing 
[2026-06-23 07:06:34] PASS: Phase 3: stg_sales_order_line 
[2026-06-23 07:06:34] PASS: Phase 3: stg_load_freight 
[2026-06-23 07:06:34] Pipeline run COMPLETE 
[2026-06-23 07:09:44] Pipeline run started 
Catalog Error: Table with name Calc_FreightSummary does not exist!
Did you mean "Raw_LoadFreight"?

LINE 52:     FROM Calc_FreightSummary f
                  ^
[2026-06-23 07:09:44] FAIL: Phase 8: rpt_freight_performance 
[2026-06-23 07:09:44] Pipeline run FAILED 
[2026-06-23 07:09:45] Pipeline run FAILED 
[2026-06-23 08:30:40] Pipeline run started 
[2026-06-23 08:30:40] PASS: Phase 4: dim_date 
Catalog Error: Table with name Dim_CustomerStatus does not exist!
Did you mean "Dim_Date"?

LINE 1: TRUNCATE TABLE Dim_CustomerStatus;
                       ^
Catalog Error: Table with name Dim_CustomerStatus does not exist!
Did you mean "Dim_Date"?
Catalog Error: Table with name Dim_CustomerStatus does not exist!
Did you mean "Dim_Date"?
[2026-06-23 08:30:41] FAIL: Phase 4: dim_customer_status 
[2026-06-23 08:30:41] Pipeline run FAILED 
[2026-06-23 08:40:06] Pipeline run started 
[2026-06-23 08:40:06] PASS: Phase 4: dim_date 
[2026-06-23 08:40:07] PASS: Phase 4: dim_customer_status 
[2026-06-23 08:40:07] PASS: Phase 4: dim_commodity 
[2026-06-23 08:40:07] Pipeline run COMPLETE 
[2026-06-23 08:40:08] PASS: Phase 4: dim_shipto 
[2026-06-23 08:40:08] PASS: Phase 4: dim_product 
[2026-06-23 08:40:09] PASS: Phase 4: dim_customer 
[2026-06-23 08:40:09] Pipeline run COMPLETE 
[2026-06-23 09:13:51] Pipeline run started 
Catalog Error: Scalar Function with name to_char does not exist!
Did you mean "to_hours"?

LINE 38:             THEN CAST(TO_CHAR(s.LoadDate, 'YYYYMMDD') AS INTEGER)
                               ^
[2026-06-23 09:13:52] FAIL: Phase 5: fact_load_freight 
[2026-06-23 09:13:52] Pipeline run FAILED 
[2026-06-23 09:21:27] Pipeline run started 
[2026-06-23 09:21:27] PASS: Phase 5: fact_load_freight 
[2026-06-23 09:21:27] PASS: Phase 5: fact_contract_price 
Binder Error: Table "dp" does not have a column named "CommodityID"

Candidate bindings: : "CommodityID_Source", "CommodityKey"

LINE 33:         dp.CommodityID                                  AS CommodityID...
                 ^
[2026-06-23 09:21:28] FAIL: Phase 5: fact_sales_order_line 
[2026-06-23 09:21:28] Pipeline run FAILED 
[2026-06-23 09:28:09] Pipeline run started 
[2026-06-23 09:28:09] PASS: Phase 5: fact_load_freight 
[2026-06-23 09:28:10] PASS: Phase 5: fact_contract_price 
[2026-06-23 09:28:10] PASS: Phase 5: fact_sales_order_line 
[2026-06-23 09:28:10] Pipeline run COMPLETE 
[2026-06-23 09:28:26] Pipeline run started 
[2026-06-23 09:28:26] PASS: Phase 6: calc_freight_summary 
[2026-06-23 09:28:27] PASS: Phase 6: calc_fob_variance_summary 
[2026-06-23 09:28:27] PASS: Phase 6: calc_load_utilization 
[2026-06-23 09:28:27] PASS: Phase 6: calc_customer_performance 
[2026-06-23 09:28:28] Pipeline run COMPLETE 
[2026-06-23 09:28:39] Pipeline run started 
[2026-06-23 09:28:40] PASS: Phase 7: exc_missing_contract_pricing 
[2026-06-23 09:28:40] PASS: Phase 7: exc_negative_fob_variance 
[2026-06-23 09:28:41] PASS: Phase 7: exc_negative_freight_margin 
[2026-06-23 09:28:41] PASS: Phase 7: exc_missing_mappings 
[2026-06-23 09:28:41] PASS: Phase 7: exc_data_quality 
[2026-06-23 09:28:42] PASS: Phase 7: exc_master 
[2026-06-23 09:28:42] Pipeline run COMPLETE 
[2026-06-23 09:32:31] Pipeline run started 
[2026-06-23 09:32:31] PASS: Phase 8: rpt_executive_summary 
[2026-06-23 09:32:32] PASS: Phase 8: rpt_fob_variance_detail 
[2026-06-23 09:32:32] PASS: Phase 8: rpt_freight_performance 
[2026-06-23 09:32:33] PASS: Phase 8: rpt_exception_dashboard 
[2026-06-23 09:32:33] PASS: Phase 8: rpt_customer_scorecard 
[2026-06-23 09:32:33] Pipeline run COMPLETE 
[2026-06-23 09:32:43] Pipeline run started 
┌──────────────────────────────────────────────────────┬────────────┬─────────────┬───────────────────────────────────────────────────────────┐
│                      CheckPoint                      │ InputCount │ OutputCount │                          Status                           │
│                       varchar                        │   int64    │    int64    │                          varchar                          │
├──────────────────────────────────────────────────────┼────────────┼─────────────┼───────────────────────────────────────────────────────────┤
│ Calc → Exceptions: Exc_Master populated              │        351 │         285 │ PASS — exceptions present as expected from synthetic data │
│ Dimension default members present                    │          7 │           7 │ PASS                                                      │
│ ExcessSalesProfit = TotalFOBVariance (no mismatches) │        209 │           0 │ PASS                                                      │
│ Fact → Calc: Revenue reconciliation                  │       NULL │        NULL │ PASS                                                      │
│ Raw → Staging: LoadFreight                           │        121 │         121 │ PASS                                                      │
│ Raw → Staging: SalesOrderLine                        │        366 │         366 │ PASS                                                      │
│ Staging → Fact: LoadFreight                          │        119 │         119 │ PASS                                                      │
│ Staging → Fact: SalesOrderLine (clean rows)          │        351 │         351 │ PASS                                                      │
└──────────────────────────────────────────────────────┴────────────┴─────────────┴───────────────────────────────────────────────────────────┘
[2026-06-23 09:32:44] PASS: Phase 9: reconciliation 
[2026-06-23 09:32:44] Pipeline run COMPLETE 
[2026-06-23 14:35:43] Pipeline run started 
┌────────────────────────┬──────────┐
│       table_name       │ RowCount │
│        varchar         │  int64   │
├────────────────────────┼──────────┤
│ Raw_CommodityReference │        0 │
│ Raw_ContractPricing    │        0 │
│ Raw_Customer           │      148 │
│ Raw_CustomerReference  │        0 │
│ Raw_Item               │      333 │
│ Raw_LoadFreight        │        0 │
│ Raw_ProductMaster      │        0 │
│ Raw_SalesOrderLine     │        0 │
│ Raw_ShipToReference    │        0 │
└────────────────────────┴──────────┘
[2026-06-23 14:35:43] PASS: Phase 1: Raw table creation 
┌────────────────────────┬──────────┐
│       TableName        │ RowCount │
│        varchar         │  int64   │
├────────────────────────┼──────────┤
│ Raw_CommodityReference │        8 │
│ Raw_ContractPricing    │       55 │
│ Raw_CustomerReference  │       11 │
│ Raw_LoadFreight        │      121 │
│ Raw_ProductMaster      │       24 │
│ Raw_SalesOrderLine     │      366 │
│ Raw_ShipToReference    │       12 │
└────────────────────────┴──────────┘
[2026-06-23 14:35:44] PASS: Phase 2: Data load 
[2026-06-23 14:35:44] PASS: Phase 3: stg_customer_reference 
[2026-06-23 14:35:45] PASS: Phase 3: stg_product_master 
[2026-06-23 14:35:45] PASS: Phase 6: calc_load_utilization 
[2026-06-23 14:35:46] PASS: Phase 6: calc_customer_performance 
[2026-06-23 14:35:46] PASS: Phase 7: exc_missing_contract_pricing 
[2026-06-23 14:35:47] PASS: Phase 7: exc_negative_fob_variance 
[2026-06-23 14:35:47] PASS: Phase 7: exc_negative_freight_margin 
[2026-06-23 14:35:47] PASS: Phase 7: exc_missing_mappings 
[2026-06-23 14:35:48] PASS: Phase 7: exc_data_quality 
[2026-06-23 14:35:48] PASS: Phase 7: exc_master 
[2026-06-23 14:35:49] PASS: Phase 8: rpt_executive_summary 
[2026-06-23 14:35:49] PASS: Phase 8: rpt_fob_variance_detail 
[2026-06-23 14:35:50] PASS: Phase 8: rpt_freight_performance 
[2026-06-23 14:35:50] PASS: Phase 8: rpt_exception_dashboard 
[2026-06-23 14:35:51] PASS: Phase 8: rpt_customer_scorecard 
┌──────────────────────────────────────────────────────┬────────────┬─────────────┬───────────────────────────────────────────────────────────┐
│                      CheckPoint                      │ InputCount │ OutputCount │                          Status                           │
│                       varchar                        │   int64    │    int64    │                          varchar                          │
├──────────────────────────────────────────────────────┼────────────┼─────────────┼───────────────────────────────────────────────────────────┤
│ Calc → Exceptions: Exc_Master populated              │        351 │         285 │ PASS — exceptions present as expected from synthetic data │
│ Dimension default members present                    │          7 │           7 │ PASS                                                      │
│ ExcessSalesProfit = TotalFOBVariance (no mismatches) │        209 │           0 │ PASS                                                      │
│ Fact → Calc: Revenue reconciliation                  │       NULL │        NULL │ PASS                                                      │
│ Raw → Staging: LoadFreight                           │        121 │         121 │ PASS                                                      │
│ Raw → Staging: SalesOrderLine                        │        366 │         366 │ PASS                                                      │
│ Staging → Fact: LoadFreight                          │        119 │         119 │ PASS                                                      │
│ Staging → Fact: SalesOrderLine (clean rows)          │        351 │         351 │ PASS                                                      │
└──────────────────────────────────────────────────────┴────────────┴─────────────┴───────────────────────────────────────────────────────────┘
[2026-06-23 14:35:51] PASS: Phase 9: reconciliation 
[2026-06-23 14:35:51] Pipeline run COMPLETE 
Binder Error: Referenced column "salesId" not found in FROM clause!
Candidate bindings: "SalesOrderID", "CustomerID", "ItemID", "LoadID", "BatchID"

LINE 13:         CAST(salesId        AS VARCHAR(50))     AS SalesOrderID,
                      ^
[2026-06-23 14:35:52] FAIL: Phase 3: stg_sales_order_line 
[2026-06-23 14:35:52] Pipeline run FAILED 
[2026-06-23 14:53:00] Pipeline run started 
┌────────────────────────┬──────────┐
│       table_name       │ RowCount │
│        varchar         │  int64   │
├────────────────────────┼──────────┤
│ Raw_CommodityReference │        0 │
│ Raw_ContractPricing    │        0 │
│ Raw_Customer           │        0 │
│ Raw_CustomerReference  │        0 │
│ Raw_Item               │        0 │
│ Raw_LoadFreight        │        0 │
│ Raw_ProductMaster      │        0 │
│ Raw_SalesOrderLine     │        0 │
│ Raw_ShipToReference    │        0 │
└────────────────────────┴──────────┘
[2026-06-23 14:53:00] PASS: Phase 1: Raw table creation 
┌─────────────────────┬──────────┐
│      TableName      │ RowCount │
│       varchar       │  int64   │
├─────────────────────┼──────────┤
│ Raw_ContractPricing │      306 │
│ Raw_Customer        │      148 │
│ Raw_Item            │      333 │
│ Raw_LoadFreight     │     2277 │
│ Raw_SalesOrderLine  │    27196 │
└─────────────────────┴──────────┘
[2026-06-23 14:53:01] PASS: Phase 2: Data load 
[2026-06-23 14:53:02] PASS: Phase 3: stg_customer_reference 
[2026-06-23 14:53:02] PASS: Phase 3: stg_product_master 
[2026-06-23 14:53:02] PASS: Phase 6: calc_load_utilization 
[2026-06-23 14:53:03] PASS: Phase 6: calc_customer_performance 
[2026-06-23 14:53:03] PASS: Phase 7: exc_missing_contract_pricing 
[2026-06-23 14:53:04] PASS: Phase 7: exc_negative_fob_variance 
[2026-06-23 14:53:04] PASS: Phase 7: exc_negative_freight_margin 
[2026-06-23 14:53:05] PASS: Phase 7: exc_missing_mappings 
[2026-06-23 14:53:05] PASS: Phase 7: exc_data_quality 
[2026-06-23 14:53:05] PASS: Phase 7: exc_master 
[2026-06-23 14:53:06] PASS: Phase 8: rpt_executive_summary 
[2026-06-23 14:53:06] PASS: Phase 8: rpt_fob_variance_detail 
[2026-06-23 14:53:07] PASS: Phase 8: rpt_freight_performance 
[2026-06-23 14:53:07] PASS: Phase 8: rpt_exception_dashboard 
[2026-06-23 14:53:08] PASS: Phase 8: rpt_customer_scorecard 
┌──────────────────────────────────────────────────────┬────────────┬─────────────┬───────────────────────────────────────────────────────────┐
│                      CheckPoint                      │ InputCount │ OutputCount │                          Status                           │
│                       varchar                        │   int64    │    int64    │                          varchar                          │
├──────────────────────────────────────────────────────┼────────────┼─────────────┼───────────────────────────────────────────────────────────┤
│ Calc → Exceptions: Exc_Master populated              │        351 │         283 │ PASS — exceptions present as expected from synthetic data │
│ Dimension default members present                    │          7 │           7 │ PASS                                                      │
│ ExcessSalesProfit = TotalFOBVariance (no mismatches) │        209 │           0 │ PASS                                                      │
│ Fact → Calc: Revenue reconciliation                  │       NULL │        NULL │ PASS                                                      │
│ Raw → Staging: LoadFreight                           │       2277 │         121 │ INVESTIGATE                                               │
│ Raw → Staging: SalesOrderLine                        │      27196 │         366 │ INVESTIGATE                                               │
│ Staging → Fact: LoadFreight                          │        119 │         119 │ PASS                                                      │
│ Staging → Fact: SalesOrderLine (clean rows)          │        351 │         351 │ PASS                                                      │
└──────────────────────────────────────────────────────┴────────────┴─────────────┴───────────────────────────────────────────────────────────┘
[2026-06-23 14:53:08] PASS: Phase 9: reconciliation 
[2026-06-23 14:53:08] Pipeline run COMPLETE 
[2026-06-23 14:53:09] PASS: Phase 3: stg_sales_order_line 
[2026-06-23 14:53:09] PASS: Phase 3: stg_load_freight 
[2026-06-23 14:53:10] PASS: Phase 4: dim_date 
[2026-06-23 14:53:10] PASS: Phase 4: dim_customer_status 
[2026-06-23 14:53:10] PASS: Phase 4: dim_commodity 
[2026-06-23 14:53:11] Pipeline run COMPLETE 
Binder Error: Column "AddressLine1" referenced that exists in the SELECT clause - but this column cannot be referenced before it is defined
[2026-06-23 14:53:11] FAIL: Phase 4: dim_shipto 
[2026-06-23 14:53:12] Pipeline run FAILED 
[2026-06-24 06:20:45] Pipeline run started 
┌────────────────────────┬──────────┐
│       table_name       │ RowCount │
│        varchar         │  int64   │
├────────────────────────┼──────────┤
│ Raw_CommodityReference │        0 │
│ Raw_ContractPricing    │        0 │
│ Raw_Customer           │        0 │
│ Raw_CustomerReference  │        0 │
│ Raw_Item               │        0 │
│ Raw_LoadFreight        │        0 │
│ Raw_ProductMaster      │        0 │
│ Raw_SalesOrderLine     │        0 │
│ Raw_ShipToReference    │        0 │
└────────────────────────┴──────────┘
[2026-06-24 06:20:46] PASS: Phase 1: Raw table creation 
┌─────────────────────┬──────────┐
│      TableName      │ RowCount │
│       varchar       │  int64   │
├─────────────────────┼──────────┤
│ Raw_ContractPricing │      306 │
│ Raw_Customer        │      148 │
│ Raw_Item            │      333 │
│ Raw_LoadFreight     │     2277 │
│ Raw_SalesOrderLine  │    27196 │
└─────────────────────┴──────────┘
[2026-06-24 06:20:46] PASS: Phase 2: Data load 
[2026-06-24 06:20:47] PASS: Phase 3: stg_customer_reference 
[2026-06-24 06:20:47] PASS: Phase 3: stg_product_master 
[2026-06-24 06:20:48] PASS: Phase 6: calc_load_utilization 
[2026-06-24 06:20:48] PASS: Phase 6: calc_customer_performance 
[2026-06-24 06:20:49] PASS: Phase 7: exc_missing_contract_pricing 
[2026-06-24 06:20:49] PASS: Phase 7: exc_negative_fob_variance 
[2026-06-24 06:20:49] PASS: Phase 7: exc_negative_freight_margin 
Binder Error: Table "s" does not have a column named "ShipToID"

Candidate bindings: : "ItemID"

LINE 70: LEFT JOIN Dim_ShipTo dst ON s.ShipToID = dst.ShipToID
                                     ^
[2026-06-24 06:20:50] FAIL: Phase 7: exc_missing_mappings 
[2026-06-24 06:20:50] Pipeline run FAILED 
[2026-06-24 06:20:50] Pipeline run FAILED 
[2026-06-24 06:22:12] Pipeline run started 
┌────────────────────────┬──────────┐
│       table_name       │ RowCount │
│        varchar         │  int64   │
├────────────────────────┼──────────┤
│ Raw_CommodityReference │        0 │
│ Raw_ContractPricing    │        0 │
│ Raw_Customer           │        0 │
│ Raw_CustomerReference  │        0 │
│ Raw_Item               │        0 │
│ Raw_LoadFreight        │        0 │
│ Raw_ProductMaster      │        0 │
│ Raw_SalesOrderLine     │        0 │
│ Raw_ShipToReference    │        0 │
└────────────────────────┴──────────┘
[2026-06-24 06:22:13] PASS: Phase 1: Raw table creation 
┌─────────────────────┬──────────┐
│      TableName      │ RowCount │
│       varchar       │  int64   │
├─────────────────────┼──────────┤
│ Raw_ContractPricing │      306 │
│ Raw_Customer        │      148 │
│ Raw_Item            │      333 │
│ Raw_LoadFreight     │     2277 │
│ Raw_SalesOrderLine  │    27196 │
└─────────────────────┴──────────┘
[2026-06-24 06:22:13] PASS: Phase 2: Data load 
[2026-06-24 06:22:14] PASS: Phase 3: stg_customer_reference 
[2026-06-24 06:22:14] PASS: Phase 3: stg_product_master 
[2026-06-24 06:22:15] PASS: Phase 6: calc_load_utilization 
[2026-06-24 06:22:15] PASS: Phase 6: calc_customer_performance 
[2026-06-24 06:22:15] PASS: Phase 7: exc_missing_contract_pricing 
[2026-06-24 06:22:16] PASS: Phase 7: exc_negative_fob_variance 
[2026-06-24 06:22:16] PASS: Phase 7: exc_negative_freight_margin 
[2026-06-24 06:22:17] PASS: Phase 7: exc_missing_mappings 
[2026-06-24 06:22:17] PASS: Phase 7: exc_data_quality 
[2026-06-24 06:22:17] PASS: Phase 7: exc_master 
[2026-06-24 06:22:18] PASS: Phase 8: rpt_executive_summary 
[2026-06-24 06:22:18] PASS: Phase 8: rpt_fob_variance_detail 
[2026-06-24 06:22:19] PASS: Phase 8: rpt_freight_performance 
[2026-06-24 06:22:19] PASS: Phase 8: rpt_exception_dashboard 
[2026-06-24 06:22:20] PASS: Phase 8: rpt_customer_scorecard 
┌──────────────────────────────────────────────────────┬────────────┬─────────────┬───────────────────────────────────────────────────────────┐
│                      CheckPoint                      │ InputCount │ OutputCount │                          Status                           │
│                       varchar                        │   int64    │    int64    │                          varchar                          │
├──────────────────────────────────────────────────────┼────────────┼─────────────┼───────────────────────────────────────────────────────────┤
│ Calc → Exceptions: Exc_Master populated              │        351 │       30206 │ PASS — exceptions present as expected from synthetic data │
│ Dimension default members present                    │          7 │           7 │ PASS                                                      │
│ ExcessSalesProfit = TotalFOBVariance (no mismatches) │        209 │           0 │ PASS                                                      │
│ Fact → Calc: Revenue reconciliation                  │       NULL │        NULL │ PASS                                                      │
│ Raw → Staging: LoadFreight                           │       2277 │        2277 │ PASS                                                      │
│ Raw → Staging: SalesOrderLine                        │      27196 │       27196 │ PASS                                                      │
│ Staging → Fact: LoadFreight                          │         78 │         119 │ INVESTIGATE                                               │
│ Staging → Fact: SalesOrderLine (clean rows)          │      26599 │         351 │ INVESTIGATE                                               │
└──────────────────────────────────────────────────────┴────────────┴─────────────┴───────────────────────────────────────────────────────────┘
[2026-06-24 06:22:20] PASS: Phase 9: reconciliation 
[2026-06-24 06:22:20] Pipeline run COMPLETE 
[2026-06-24 06:22:20] PASS: Phase 3: stg_sales_order_line 
[2026-06-24 06:22:21] PASS: Phase 3: stg_load_freight 
[2026-06-24 06:22:21] PASS: Phase 4: dim_date 
[2026-06-24 06:22:22] PASS: Phase 4: dim_customer_status 
[2026-06-24 06:22:22] PASS: Phase 4: dim_commodity 
[2026-06-24 06:22:22] Pipeline run COMPLETE 
[2026-06-24 06:22:23] PASS: Phase 4: dim_shipto 
[2026-06-24 06:22:23] PASS: Phase 4: dim_product 
[2026-06-24 06:22:23] PASS: Phase 4: dim_customer 
Binder Error: Values list "s" does not have a column named "FreightPaid"

LINE 51:         s.FreightPaid,
                 ^
[2026-06-24 06:22:24] FAIL: Phase 5: fact_load_freight 
[2026-06-24 06:22:24] Pipeline run FAILED 
[2026-06-24 06:23:33] Pipeline run started 
┌────────────────────────┬──────────┐
│       table_name       │ RowCount │
│        varchar         │  int64   │
├────────────────────────┼──────────┤
│ Raw_CommodityReference │        0 │
│ Raw_ContractPricing    │        0 │
│ Raw_Customer           │        0 │
│ Raw_CustomerReference  │        0 │
│ Raw_Item               │        0 │
│ Raw_LoadFreight        │        0 │
│ Raw_ProductMaster      │        0 │
│ Raw_SalesOrderLine     │        0 │
│ Raw_ShipToReference    │        0 │
└────────────────────────┴──────────┘
[2026-06-24 06:23:33] PASS: Phase 1: Raw table creation 
┌─────────────────────┬──────────┐
│      TableName      │ RowCount │
│       varchar       │  int64   │
├─────────────────────┼──────────┤
│ Raw_ContractPricing │      306 │
│ Raw_Customer        │      148 │
│ Raw_Item            │      333 │
│ Raw_LoadFreight     │     2277 │
│ Raw_SalesOrderLine  │    27196 │
└─────────────────────┴──────────┘
[2026-06-24 06:23:33] PASS: Phase 2: Data load 
[2026-06-24 06:23:34] PASS: Phase 3: stg_customer_reference 
[2026-06-24 06:23:35] PASS: Phase 3: stg_product_master 
[2026-06-24 06:23:35] PASS: Phase 6: calc_load_utilization 
[2026-06-24 06:23:35] PASS: Phase 6: calc_customer_performance 
[2026-06-24 06:23:36] PASS: Phase 7: exc_missing_contract_pricing 
[2026-06-24 06:23:36] PASS: Phase 7: exc_negative_fob_variance 
[2026-06-24 06:23:37] PASS: Phase 7: exc_negative_freight_margin 
[2026-06-24 06:23:37] PASS: Phase 7: exc_missing_mappings 
[2026-06-24 06:23:37] PASS: Phase 7: exc_data_quality 
[2026-06-24 06:23:38] PASS: Phase 7: exc_master 
[2026-06-24 06:23:38] PASS: Phase 8: rpt_executive_summary 
[2026-06-24 06:23:38] PASS: Phase 8: rpt_fob_variance_detail 
[2026-06-24 06:23:39] PASS: Phase 8: rpt_freight_performance 
[2026-06-24 06:23:39] PASS: Phase 8: rpt_exception_dashboard 
[2026-06-24 06:23:40] PASS: Phase 8: rpt_customer_scorecard 
┌──────────────────────────────────────────────────────┬────────────┬─────────────┬─────────────────────────────────────────────────────────────┐
│                      CheckPoint                      │ InputCount │ OutputCount │                           Status                            │
│                       varchar                        │   int64    │    int64    │                           varchar                           │
├──────────────────────────────────────────────────────┼────────────┼─────────────┼─────────────────────────────────────────────────────────────┤
│ Calc → Exceptions: Exc_Master populated              │        351 │       29980 │ PASS — exceptions present as expected from synthetic data   │
│ Dimension default members present                    │          7 │           7 │ PASS                                                        │
│ ExcessSalesProfit = TotalFOBVariance (no mismatches) │        209 │           0 │ PASS                                                        │
│ Fact → Calc: Revenue reconciliation                  │       NULL │        NULL │ INVESTIGATE — revenue mismatch between fact and calc layers │
│ Raw → Staging: LoadFreight                           │       2277 │        2277 │ PASS                                                        │
│ Raw → Staging: SalesOrderLine                        │      27196 │       27196 │ PASS                                                        │
│ Staging → Fact: LoadFreight                          │         78 │         119 │ INVESTIGATE                                                 │
│ Staging → Fact: SalesOrderLine (clean rows)          │      26599 │         351 │ INVESTIGATE                                                 │
└──────────────────────────────────────────────────────┴────────────┴─────────────┴─────────────────────────────────────────────────────────────┘
[2026-06-24 06:23:40] PASS: Phase 9: reconciliation 
[2026-06-24 06:23:40] Pipeline run COMPLETE 
[2026-06-24 06:23:41] PASS: Phase 3: stg_sales_order_line 
[2026-06-24 06:23:41] PASS: Phase 3: stg_load_freight 
[2026-06-24 06:23:41] PASS: Phase 4: dim_date 
[2026-06-24 06:23:42] PASS: Phase 4: dim_customer_status 
[2026-06-24 06:23:42] PASS: Phase 4: dim_commodity 
[2026-06-24 06:23:43] Pipeline run COMPLETE 
[2026-06-24 06:23:43] PASS: Phase 4: dim_shipto 
[2026-06-24 06:23:43] PASS: Phase 4: dim_product 
[2026-06-24 06:23:43] PASS: Phase 4: dim_customer 
[2026-06-24 06:23:44] PASS: Phase 5: fact_load_freight 
[2026-06-24 06:23:44] PASS: Phase 5: fact_contract_price 
Binder Error: Values list "s" does not have a column named "ShipToID"

LINE 91:         ON s.ShipToID = dst.ShipToID
                    ^
[2026-06-24 06:23:45] FAIL: Phase 5: fact_sales_order_line 
[2026-06-24 06:23:45] Pipeline run FAILED 
[2026-06-24 06:36:16] Pipeline run started 
┌────────────────────────┬──────────┐
│       table_name       │ RowCount │
│        varchar         │  int64   │
├────────────────────────┼──────────┤
│ Raw_CommodityReference │        0 │
│ Raw_ContractPricing    │        0 │
│ Raw_Customer           │        0 │
│ Raw_CustomerReference  │        0 │
│ Raw_Item               │        0 │
│ Raw_LoadFreight        │        0 │
│ Raw_ProductMaster      │        0 │
│ Raw_SalesOrderLine     │        0 │
│ Raw_ShipToReference    │        0 │
└────────────────────────┴──────────┘
[2026-06-24 06:36:16] PASS: Phase 1: Raw table creation 
┌─────────────────────┬──────────┐
│      TableName      │ RowCount │
│       varchar       │  int64   │
├─────────────────────┼──────────┤
│ Raw_ContractPricing │      306 │
│ Raw_Customer        │      148 │
│ Raw_Item            │      333 │
│ Raw_LoadFreight     │     2277 │
│ Raw_SalesOrderLine  │    27196 │
└─────────────────────┴──────────┘
[2026-06-24 06:36:16] PASS: Phase 2: Data load 
[2026-06-24 06:36:17] PASS: Phase 3: stg_customer_reference 
[2026-06-24 06:36:17] PASS: Phase 3: stg_product_master 
Binder Error: Table "f" does not have a column named "Flag_CandidateThreshold_UNK002"

Candidate bindings: : "LoadDateKey"

LINE 14:         f.Flag_CandidateThreshold_UNK002,
                 ^
[2026-06-24 06:36:18] FAIL: Phase 6: calc_load_utilization 
[2026-06-24 06:36:18] Pipeline run FAILED 
[2026-06-24 06:36:18] Pipeline run FAILED 
[2026-06-24 06:42:13] Pipeline run started 
┌────────────────────────┬──────────┐
│       table_name       │ RowCount │
│        varchar         │  int64   │
├────────────────────────┼──────────┤
│ Raw_CommodityReference │        0 │
│ Raw_ContractPricing    │        0 │
│ Raw_Customer           │        0 │
│ Raw_CustomerReference  │        0 │
│ Raw_Item               │        0 │
│ Raw_LoadFreight        │        0 │
│ Raw_ProductMaster      │        0 │
│ Raw_SalesOrderLine     │        0 │
│ Raw_ShipToReference    │        0 │
└────────────────────────┴──────────┘
[2026-06-24 06:42:13] PASS: Phase 1: Raw table creation 
┌─────────────────────┬──────────┐
│      TableName      │ RowCount │
│       varchar       │  int64   │
├─────────────────────┼──────────┤
│ Raw_ContractPricing │      306 │
│ Raw_Customer        │      148 │
│ Raw_Item            │      333 │
│ Raw_LoadFreight     │     2277 │
│ Raw_SalesOrderLine  │    27196 │
└─────────────────────┴──────────┘
[2026-06-24 06:42:13] PASS: Phase 2: Data load 
[2026-06-24 06:42:14] PASS: Phase 3: stg_customer_reference 
[2026-06-24 06:42:15] PASS: Phase 3: stg_product_master 
[2026-06-24 06:42:15] PASS: Phase 6: calc_load_utilization 
[2026-06-24 06:42:15] PASS: Phase 6: calc_customer_performance 
[2026-06-24 06:42:16] PASS: Phase 7: exc_missing_contract_pricing 
[2026-06-24 06:42:16] PASS: Phase 7: exc_negative_fob_variance 
Binder Error: Table "f" does not have a column named "FreightPaid"

Candidate bindings: : "FreightCharged"

LINE 23:     f.FreightPaid,
             ^
[2026-06-24 06:42:16] FAIL: Phase 7: exc_negative_freight_margin 
[2026-06-24 06:42:17] Pipeline run FAILED 
[2026-06-24 06:42:17] Pipeline run FAILED 
[2026-06-24 06:47:16] Pipeline run started 
┌────────────────────────┬──────────┐
│       table_name       │ RowCount │
│        varchar         │  int64   │
├────────────────────────┼──────────┤
│ Raw_CommodityReference │        0 │
│ Raw_ContractPricing    │        0 │
│ Raw_Customer           │        0 │
│ Raw_CustomerReference  │        0 │
│ Raw_Item               │        0 │
│ Raw_LoadFreight        │        0 │
│ Raw_ProductMaster      │        0 │
│ Raw_SalesOrderLine     │        0 │
│ Raw_ShipToReference    │        0 │
└────────────────────────┴──────────┘
[2026-06-24 06:47:16] PASS: Phase 1: Raw table creation 
┌─────────────────────┬──────────┐
│      TableName      │ RowCount │
│       varchar       │  int64   │
├─────────────────────┼──────────┤
│ Raw_ContractPricing │      306 │
│ Raw_Customer        │      148 │
│ Raw_Item            │      333 │
│ Raw_LoadFreight     │     2277 │
│ Raw_SalesOrderLine  │    27196 │
└─────────────────────┴──────────┘
[2026-06-24 06:47:17] PASS: Phase 2: Data load 
[2026-06-24 06:47:18] PASS: Phase 3: stg_customer_reference 
[2026-06-24 06:47:18] PASS: Phase 3: stg_product_master 
[2026-06-24 06:47:18] PASS: Phase 6: calc_load_utilization 
[2026-06-24 06:47:19] PASS: Phase 6: calc_customer_performance 
[2026-06-24 06:47:19] PASS: Phase 7: exc_missing_contract_pricing 
[2026-06-24 06:47:19] PASS: Phase 7: exc_negative_fob_variance 
[2026-06-24 06:47:20] PASS: Phase 7: exc_negative_freight_margin 
[2026-06-24 06:47:20] PASS: Phase 7: exc_missing_mappings 
[2026-06-24 06:47:21] PASS: Phase 7: exc_data_quality 
[2026-06-24 06:47:21] PASS: Phase 7: exc_master 
[2026-06-24 06:47:21] PASS: Phase 8: rpt_executive_summary 
[2026-06-24 06:47:22] PASS: Phase 8: rpt_fob_variance_detail 
[2026-06-24 06:47:22] PASS: Phase 8: rpt_freight_performance 
[2026-06-24 06:47:22] PASS: Phase 8: rpt_exception_dashboard 
[2026-06-24 06:47:23] PASS: Phase 8: rpt_customer_scorecard 
┌──────────────────────────────────────────────────────┬────────────┬─────────────┬─────────────────────────────────────────────────────────────┐
│                      CheckPoint                      │ InputCount │ OutputCount │                           Status                            │
│                       varchar                        │   int64    │    int64    │                           varchar                           │
├──────────────────────────────────────────────────────┼────────────┼─────────────┼─────────────────────────────────────────────────────────────┤
│ Calc → Exceptions: Exc_Master populated              │        351 │       29949 │ PASS — exceptions present as expected from synthetic data   │
│ Dimension default members present                    │          7 │           7 │ PASS                                                        │
│ ExcessSalesProfit = TotalFOBVariance (no mismatches) │        209 │           0 │ PASS                                                        │
│ Fact → Calc: Revenue reconciliation                  │       NULL │        NULL │ INVESTIGATE — revenue mismatch between fact and calc layers │
│ Raw → Staging: LoadFreight                           │       2277 │        2277 │ PASS                                                        │
│ Raw → Staging: SalesOrderLine                        │      27196 │       27196 │ PASS                                                        │
│ Staging → Fact: LoadFreight                          │         78 │          78 │ PASS                                                        │
│ Staging → Fact: SalesOrderLine (clean rows)          │      26599 │         351 │ INVESTIGATE                                                 │
└──────────────────────────────────────────────────────┴────────────┴─────────────┴─────────────────────────────────────────────────────────────┘
[2026-06-24 06:47:23] PASS: Phase 9: reconciliation 
[2026-06-24 06:47:24] Pipeline run COMPLETE 
[2026-06-24 06:47:24] PASS: Phase 3: stg_sales_order_line 
[2026-06-24 06:47:24] PASS: Phase 3: stg_load_freight 
[2026-06-24 06:47:25] PASS: Phase 4: dim_date 
[2026-06-24 06:47:25] PASS: Phase 4: dim_customer_status 
[2026-06-24 06:47:26] PASS: Phase 4: dim_commodity 
[2026-06-24 06:47:26] Pipeline run COMPLETE 
[2026-06-24 06:47:26] PASS: Phase 4: dim_shipto 
[2026-06-24 06:47:26] PASS: Phase 4: dim_product 
[2026-06-24 06:47:27] PASS: Phase 4: dim_customer 
[2026-06-24 06:47:27] PASS: Phase 5: fact_load_freight 
[2026-06-24 06:47:28] PASS: Phase 5: fact_contract_price 
[2026-06-24 06:47:28] PASS: Phase 5: fact_sales_order_line 
Binder Error: Table "f" does not have a column named "FreightPaid"

Candidate bindings: : "FreightCharged"

LINE 37:     SUM(f.FreightPaid)                                  AS TotalFre...
                 ^
[2026-06-24 06:47:28] FAIL: Phase 6: calc_freight_summary 
[2026-06-24 06:47:29] Pipeline run FAILED 
[2026-06-24 07:01:23] Pipeline run started 
┌────────────────────────┬──────────┐
│       table_name       │ RowCount │
│        varchar         │  int64   │
├────────────────────────┼──────────┤
│ Raw_CommodityReference │        0 │
│ Raw_ContractPricing    │        0 │
│ Raw_Customer           │        0 │
│ Raw_CustomerReference  │        0 │
│ Raw_Item               │        0 │
│ Raw_LoadFreight        │        0 │
│ Raw_ProductMaster      │        0 │
│ Raw_SalesOrderLine     │        0 │
│ Raw_ShipToReference    │        0 │
└────────────────────────┴──────────┘
[2026-06-24 07:01:23] PASS: Phase 1: Raw table creation 
┌─────────────────────┬──────────┐
│      TableName      │ RowCount │
│       varchar       │  int64   │
├─────────────────────┼──────────┤
│ Raw_ContractPricing │      306 │
│ Raw_Customer        │      148 │
│ Raw_Item            │      333 │
│ Raw_LoadFreight     │     2277 │
│ Raw_SalesOrderLine  │    27196 │
└─────────────────────┴──────────┘
[2026-06-24 07:01:24] PASS: Phase 2: Data load 
[2026-06-24 07:01:25] PASS: Phase 3: stg_customer_reference 
[2026-06-24 07:01:25] PASS: Phase 3: stg_product_master 
[2026-06-24 07:01:25] PASS: Phase 6: calc_load_utilization 
[2026-06-24 07:01:26] PASS: Phase 6: calc_customer_performance 
[2026-06-24 07:01:26] PASS: Phase 7: exc_missing_contract_pricing 
[2026-06-24 07:01:26] PASS: Phase 7: exc_negative_fob_variance 
[2026-06-24 07:01:27] PASS: Phase 7: exc_negative_freight_margin 
[2026-06-24 07:01:27] PASS: Phase 7: exc_missing_mappings 
[2026-06-24 07:01:28] PASS: Phase 7: exc_data_quality 
[2026-06-24 07:01:28] PASS: Phase 7: exc_master 
Binder Error: Referenced column "TotalFreightCost" not found in FROM clause!
Candidate bindings: "TotalWeight", "TotalFreightPaid", "TotalFreightCharged", "TotalFreightMargin", "TotalPallets"

LINE 32:         SUM(TotalFreightCost)                           AS TotalFreight...
                     ^
[2026-06-24 07:01:28] FAIL: Phase 8: rpt_executive_summary 
[2026-06-24 07:01:29] Pipeline run FAILED 
[2026-06-24 07:01:29] Pipeline run FAILED 
[2026-06-24 07:02:16] Pipeline run started 
[2026-06-24 07:02:16] PASS: Phase 6: calc_freight_summary 
[2026-06-24 07:02:17] PASS: Phase 6: calc_fob_variance_summary 
[2026-06-24 07:02:17] PASS: Phase 6: calc_load_utilization 
[2026-06-24 07:02:17] PASS: Phase 6: calc_customer_performance 
[2026-06-24 07:02:18] Pipeline run COMPLETE 
[2026-06-24 07:02:22] Pipeline run started 
[2026-06-24 07:02:22] PASS: Phase 8: rpt_executive_summary 
[2026-06-24 07:02:22] PASS: Phase 8: rpt_fob_variance_detail 
[2026-06-24 07:02:23] PASS: Phase 8: rpt_freight_performance 
[2026-06-24 07:02:23] PASS: Phase 8: rpt_exception_dashboard 
[2026-06-24 07:02:24] PASS: Phase 8: rpt_customer_scorecard 
[2026-06-24 07:02:24] Pipeline run COMPLETE 
[2026-06-24 07:02:31] Pipeline run started 
┌────────────────────────┬──────────┐
│       table_name       │ RowCount │
│        varchar         │  int64   │
├────────────────────────┼──────────┤
│ Raw_CommodityReference │        0 │
│ Raw_ContractPricing    │        0 │
│ Raw_Customer           │        0 │
│ Raw_CustomerReference  │        0 │
│ Raw_Item               │        0 │
│ Raw_LoadFreight        │        0 │
│ Raw_ProductMaster      │        0 │
│ Raw_SalesOrderLine     │        0 │
│ Raw_ShipToReference    │        0 │
└────────────────────────┴──────────┘
[2026-06-24 07:02:31] PASS: Phase 1: Raw table creation 
┌─────────────────────┬──────────┐
│      TableName      │ RowCount │
│       varchar       │  int64   │
├─────────────────────┼──────────┤
│ Raw_ContractPricing │      306 │
│ Raw_Customer        │      148 │
│ Raw_Item            │      333 │
│ Raw_LoadFreight     │     2277 │
│ Raw_SalesOrderLine  │    27196 │
└─────────────────────┴──────────┘
[2026-06-24 07:02:32] PASS: Phase 2: Data load 
[2026-06-24 07:02:32] PASS: Phase 3: stg_customer_reference 
[2026-06-24 07:02:33] PASS: Phase 3: stg_product_master 
[2026-06-24 07:02:33] PASS: Phase 6: calc_load_utilization 
[2026-06-24 07:02:34] PASS: Phase 6: calc_customer_performance 
[2026-06-24 07:02:34] PASS: Phase 7: exc_missing_contract_pricing 
[2026-06-24 07:02:34] PASS: Phase 7: exc_negative_fob_variance 
[2026-06-24 07:02:35] PASS: Phase 7: exc_negative_freight_margin 
[2026-06-24 07:02:35] PASS: Phase 7: exc_missing_mappings 
[2026-06-24 07:02:35] PASS: Phase 7: exc_data_quality 
[2026-06-24 07:02:36] PASS: Phase 7: exc_master 
[2026-06-24 07:02:36] PASS: Phase 8: rpt_executive_summary 
[2026-06-24 07:02:37] PASS: Phase 8: rpt_fob_variance_detail 
[2026-06-24 07:02:37] PASS: Phase 8: rpt_freight_performance 
[2026-06-24 07:02:37] PASS: Phase 8: rpt_exception_dashboard 
[2026-06-24 07:02:38] PASS: Phase 8: rpt_customer_scorecard 
┌──────────────────────────────────────────────────────┬────────────┬─────────────┬───────────────────────────────────────────────────────────┐
│                      CheckPoint                      │ InputCount │ OutputCount │                          Status                           │
│                       varchar                        │   int64    │    int64    │                          varchar                          │
├──────────────────────────────────────────────────────┼────────────┼─────────────┼───────────────────────────────────────────────────────────┤
│ Calc → Exceptions: Exc_Master populated              │      26599 │       29949 │ PASS — exceptions present as expected from synthetic data │
│ Dimension default members present                    │          7 │           7 │ PASS                                                      │
│ ExcessSalesProfit = TotalFOBVariance (no mismatches) │          0 │           0 │ PASS                                                      │
│ Fact → Calc: Revenue reconciliation                  │       NULL │        NULL │ PASS                                                      │
│ Raw → Staging: LoadFreight                           │       2277 │        2277 │ PASS                                                      │
│ Raw → Staging: SalesOrderLine                        │      27196 │       27196 │ PASS                                                      │
│ Staging → Fact: LoadFreight                          │         78 │          78 │ PASS                                                      │
│ Staging → Fact: SalesOrderLine (clean rows)          │      26599 │       26599 │ PASS                                                      │
└──────────────────────────────────────────────────────┴────────────┴─────────────┴───────────────────────────────────────────────────────────┘
[2026-06-24 07:02:38] PASS: Phase 9: reconciliation 
[2026-06-24 07:02:39] Pipeline run COMPLETE 
[2026-06-24 07:02:39] PASS: Phase 3: stg_sales_order_line 
[2026-06-24 07:02:39] PASS: Phase 3: stg_load_freight 
[2026-06-24 07:02:40] PASS: Phase 4: dim_date 
[2026-06-24 07:02:40] PASS: Phase 4: dim_customer_status 
[2026-06-24 07:02:40] PASS: Phase 4: dim_commodity 
[2026-06-24 07:02:41] Pipeline run COMPLETE 
[2026-06-24 07:02:41] PASS: Phase 4: dim_shipto 
[2026-06-24 07:02:41] PASS: Phase 4: dim_product 
[2026-06-24 07:02:42] PASS: Phase 4: dim_customer 
[2026-06-24 07:02:42] PASS: Phase 5: fact_load_freight 
[2026-06-24 07:02:42] PASS: Phase 5: fact_contract_price 
[2026-06-24 07:02:43] PASS: Phase 5: fact_sales_order_line 
[2026-06-24 07:02:43] PASS: Phase 6: calc_freight_summary 
[2026-06-24 07:02:44] PASS: Phase 6: calc_fob_variance_summary 
[2026-06-24 07:02:44] PASS: Phase 6: calc_load_utilization 
[2026-06-24 07:02:44] PASS: Phase 6: calc_customer_performance 
[2026-06-24 07:02:45] PASS: Phase 7: exc_missing_contract_pricing 
[2026-06-24 07:02:45] PASS: Phase 7: exc_negative_fob_variance 
[2026-06-24 07:02:45] PASS: Phase 7: exc_negative_freight_margin 
[2026-06-24 07:02:46] PASS: Phase 7: exc_missing_mappings 
[2026-06-24 07:02:46] PASS: Phase 7: exc_data_quality 
[2026-06-24 07:02:46] PASS: Phase 7: exc_master 
[2026-06-24 07:02:47] PASS: Phase 8: rpt_executive_summary 
[2026-06-24 07:02:47] PASS: Phase 8: rpt_fob_variance_detail 
[2026-06-24 07:02:48] PASS: Phase 8: rpt_freight_performance 
[2026-06-24 07:02:48] PASS: Phase 8: rpt_exception_dashboard 
[2026-06-24 07:02:49] PASS: Phase 8: rpt_customer_scorecard 
┌──────────────────────────────────────────────────────┬────────────┬─────────────┬───────────────────────────────────────────────────────────┐
│                      CheckPoint                      │ InputCount │ OutputCount │                          Status                           │
│                       varchar                        │   int64    │    int64    │                          varchar                          │
├──────────────────────────────────────────────────────┼────────────┼─────────────┼───────────────────────────────────────────────────────────┤
│ Calc → Exceptions: Exc_Master populated              │      26599 │       29949 │ PASS — exceptions present as expected from synthetic data │
│ Dimension default members present                    │          7 │           7 │ PASS                                                      │
│ ExcessSalesProfit = TotalFOBVariance (no mismatches) │          0 │           0 │ PASS                                                      │
│ Fact → Calc: Revenue reconciliation                  │       NULL │        NULL │ PASS                                                      │
│ Raw → Staging: LoadFreight                           │       2277 │        2277 │ PASS                                                      │
│ Raw → Staging: SalesOrderLine                        │      27196 │       27196 │ PASS                                                      │
│ Staging → Fact: LoadFreight                          │         78 │          78 │ PASS                                                      │
│ Staging → Fact: SalesOrderLine (clean rows)          │      26599 │       26599 │ PASS                                                      │
└──────────────────────────────────────────────────────┴────────────┴─────────────┴───────────────────────────────────────────────────────────┘
[2026-06-24 07:02:49] PASS: Phase 9: reconciliation 
[2026-06-24 07:02:49] Pipeline run COMPLETE 
